<?xml version="1.0" encoding="utf-8" standalone="no"?>
<!--This file represents the results of running a test suite-->
<test-results name="C:\Users\kalkie\Documents\Visual Studio 2008\Projects\SerieOrganizer\SeriesManagementTest\bin\Debug\Chalk.SeriesOrganizerTest.dll" total="3" errors="0" failures="1" not-run="0" ignored="0" skipped="0" invalid="0" date="2009-09-05" time="16:14:57">
  <environment nunit-version="2.5.0.9015" clr-version="2.0.50727.4918" os-version="Microsoft Windows NT 6.1.7100.0" platform="Win32NT" cwd="c:\Program Files (x86)\Microsoft Visual Studio 9.0\Common7\IDE" machine-name="HUISKAMER" user="kalkie" user-domain="Huiskamer" />
  <culture-info current-culture="nl-NL" current-uiculture="en-US" />
  <test-suite name="C:\Users\kalkie\Documents\Visual Studio 2008\Projects\SerieOrganizer\SeriesManagementTest\bin\Debug\Chalk.SeriesOrganizerTest.dll" executed="True" success="False" time="0.312" asserts="0">
    <results>
      <test-suite name="Chalk" executed="True" success="False" time="0.296" asserts="0">
        <results>
          <test-suite name="SeriesOrganizer" executed="True" success="False" time="0.296" asserts="0">
            <results>
              <test-suite name="SeriesTest" executed="True" success="False" time="0.296" asserts="0">
                <results>
                  <test-case name="Chalk.SeriesOrganizer.SeriesTest.ShouldSucceedWhenCorrectSeasonAndEpisodeAreDetermined" executed="True" success="True" time="0.265" asserts="2" />
                  <test-case name="Chalk.SeriesOrganizer.SeriesTest.ShouldSucceedWhenResolutionIsDetermined" executed="True" success="False" time="0.016" asserts="1">
                    <failure>
                      <message><![CDATA[  Expected: "720p"
  But was:  null
]]></message>
                      <stack-trace><![CDATA[at Chalk.SeriesOrganizer.SeriesTest.ShouldSucceedWhenResolutionIsDetermined() in C:\Users\kalkie\Documents\Visual Studio 2008\Projects\SerieOrganizer\SeriesManagementTest\SeriesTest.cs:line 30
]]></stack-trace>
                    </failure>
                  </test-case>
                  <test-case name="Chalk.SeriesOrganizer.SeriesTest.ShouldSucceedWhenSerieNameIsDetermined" executed="True" success="True" time="0.000" asserts="1" />
                </results>
              </test-suite>
            </results>
          </test-suite>
        </results>
      </test-suite>
    </results>
  </test-suite>
</test-results>